{"/Users/leilani/NCC/dev/dapi-lib/src/endUser.ts": {"path":"/Users/leilani/NCC/dev/dapi-lib/src/endUser.ts","statementMap":{"0":{"start":{"line":3,"column":0},"end":{"line":3,"column":62}},"1":{"start":{"line":7,"column":4},"end":{"line":7,"column":40}},"2":{"start":{"line":8,"column":36},"end":{"line":12,"column":6}},"3":{"start":{"line":14,"column":4},"end":{"line":17,"column":null}},"4":{"start":{"line":15,"column":8},"end":{"line":15,"column":32}},"5":{"start":{"line":16,"column":8},"end":{"line":16,"column":22}},"6":{"start":{"line":19,"column":4},"end":{"line":47,"column":null}},"7":{"start":{"line":20,"column":8},"end":{"line":20,"column":76}},"8":{"start":{"line":22,"column":19},"end":{"line":28,"column":10}},"9":{"start":{"line":30,"column":21},"end":{"line":30,"column":53}},"10":{"start":{"line":32,"column":8},"end":{"line":32,"column":38}},"11":{"start":{"line":34,"column":25},"end":{"line":34,"column":61}},"12":{"start":{"line":35,"column":27},"end":{"line":35,"column":61}},"13":{"start":{"line":36,"column":8},"end":{"line":36,"column":32}},"14":{"start":{"line":38,"column":8},"end":{"line":38,"column":50}},"15":{"start":{"line":39,"column":8},"end":{"line":39,"column":27}},"16":{"start":{"line":40,"column":8},"end":{"line":40,"column":37}},"17":{"start":{"line":42,"column":8},"end":{"line":42,"column":22}},"18":{"start":{"line":45,"column":8},"end":{"line":45,"column":49}},"19":{"start":{"line":46,"column":8},"end":{"line":46,"column":22}},"20":{"start":{"line":5,"column":0},"end":{"line":5,"column":22}}},"fnMap":{"0":{"name":"promptAccessToken","decl":{"start":{"line":5,"column":22},"end":{"line":5,"column":39}},"loc":{"start":{"line":5,"column":58},"end":{"line":48,"column":null}}}},"branchMap":{"0":{"loc":{"start":{"line":14,"column":4},"end":{"line":17,"column":null}},"type":"if","locations":[{"start":{"line":14,"column":4},"end":{"line":17,"column":null}}]}},"s":{"0":1,"1":1,"2":1,"3":1,"4":0,"5":0,"6":1,"7":1,"8":1,"9":1,"10":1,"11":1,"12":1,"13":1,"14":1,"15":1,"16":1,"17":1,"18":0,"19":0,"20":1},"f":{"0":1},"b":{"0":[0]}}
,"/Users/leilani/NCC/dev/dapi-lib/src/index.ts": {"path":"/Users/leilani/NCC/dev/dapi-lib/src/index.ts","statementMap":{"0":{"start":{"line":18,"column":0},"end":{"line":18,"column":41}},"1":{"start":{"line":20,"column":37},"end":{"line":20,"column":62}},"2":{"start":{"line":21,"column":38},"end":{"line":32,"column":2}},"3":{"start":{"line":33,"column":0},"end":{"line":33,"column":38}},"4":{"start":{"line":37,"column":8},"end":{"line":37,"column":48}},"5":{"start":{"line":45,"column":31},"end":{"line":45,"column":50}},"6":{"start":{"line":46,"column":8},"end":{"line":46,"column":47}},"7":{"start":{"line":51,"column":31},"end":{"line":51,"column":46}},"8":{"start":{"line":52,"column":8},"end":{"line":52,"column":47}},"9":{"start":{"line":56,"column":31},"end":{"line":56,"column":44}},"10":{"start":{"line":57,"column":8},"end":{"line":57,"column":47}},"11":{"start":{"line":61,"column":31},"end":{"line":61,"column":48}},"12":{"start":{"line":62,"column":8},"end":{"line":62,"column":43}},"13":{"start":{"line":66,"column":31},"end":{"line":66,"column":49}},"14":{"start":{"line":67,"column":8},"end":{"line":67,"column":47}},"15":{"start":{"line":71,"column":31},"end":{"line":71,"column":43}},"16":{"start":{"line":72,"column":8},"end":{"line":72,"column":47}},"17":{"start":{"line":76,"column":31},"end":{"line":76,"column":44}},"18":{"start":{"line":77,"column":8},"end":{"line":77,"column":47}},"19":{"start":{"line":81,"column":31},"end":{"line":81,"column":45}},"20":{"start":{"line":82,"column":8},"end":{"line":82,"column":47}},"21":{"start":{"line":86,"column":31},"end":{"line":86,"column":52}},"22":{"start":{"line":87,"column":8},"end":{"line":87,"column":47}},"23":{"start":{"line":91,"column":31},"end":{"line":91,"column":49}},"24":{"start":{"line":92,"column":8},"end":{"line":92,"column":47}},"25":{"start":{"line":97,"column":31},"end":{"line":97,"column":47}},"26":{"start":{"line":98,"column":8},"end":{"line":98,"column":47}},"27":{"start":{"line":102,"column":31},"end":{"line":102,"column":49}},"28":{"start":{"line":103,"column":8},"end":{"line":103,"column":47}},"29":{"start":{"line":107,"column":31},"end":{"line":107,"column":51}},"30":{"start":{"line":108,"column":8},"end":{"line":108,"column":47}},"31":{"start":{"line":112,"column":31},"end":{"line":112,"column":53}},"32":{"start":{"line":113,"column":8},"end":{"line":113,"column":47}},"33":{"start":{"line":118,"column":30},"end":{"line":118,"column":55}},"34":{"start":{"line":35,"column":0},"end":{"line":35,"column":13}},"35":{"start":{"line":136,"column":4},"end":{"line":156,"column":null}},"36":{"start":{"line":137,"column":28},"end":{"line":137,"column":60}},"37":{"start":{"line":138,"column":29},"end":{"line":140,"column":36}},"38":{"start":{"line":141,"column":8},"end":{"line":142,"column":42}},"39":{"start":{"line":142,"column":12},"end":{"line":142,"column":42}},"40":{"start":{"line":143,"column":8},"end":{"line":145,"column":10}},"41":{"start":{"line":146,"column":8},"end":{"line":146,"column":61}},"42":{"start":{"line":146,"column":32},"end":{"line":146,"column":61}},"43":{"start":{"line":147,"column":26},"end":{"line":151,"column":17}},"44":{"start":{"line":152,"column":8},"end":{"line":152,"column":81}},"45":{"start":{"line":153,"column":8},"end":{"line":153,"column":24}},"46":{"start":{"line":155,"column":8},"end":{"line":155,"column":63}},"47":{"start":{"line":163,"column":13},"end":{"line":163,"column":50}},"48":{"start":{"line":164,"column":13},"end":{"line":164,"column":41}},"49":{"start":{"line":165,"column":13},"end":{"line":165,"column":39}},"50":{"start":{"line":170,"column":19},"end":{"line":170,"column":42}},"51":{"start":{"line":179,"column":4},"end":{"line":179,"column":32}},"52":{"start":{"line":180,"column":4},"end":{"line":182,"column":null}},"53":{"start":{"line":181,"column":8},"end":{"line":181,"column":57}},"54":{"start":{"line":184,"column":4},"end":{"line":186,"column":null}},"55":{"start":{"line":185,"column":8},"end":{"line":185,"column":61}},"56":{"start":{"line":207,"column":13},"end":{"line":289,"column":2}},"57":{"start":{"line":214,"column":8},"end":{"line":214,"column":39}},"58":{"start":{"line":215,"column":24},"end":{"line":215,"column":54}},"59":{"start":{"line":216,"column":8},"end":{"line":216,"column":65}},"60":{"start":{"line":217,"column":18},"end":{"line":217,"column":27}},"61":{"start":{"line":218,"column":23},"end":{"line":218,"column":37}},"62":{"start":{"line":219,"column":8},"end":{"line":254,"column":null}},"63":{"start":{"line":221,"column":12},"end":{"line":240,"column":null}},"64":{"start":{"line":222,"column":16},"end":{"line":229,"column":19}},"65":{"start":{"line":231,"column":16},"end":{"line":239,"column":19}},"66":{"start":{"line":242,"column":12},"end":{"line":242,"column":40}},"67":{"start":{"line":243,"column":12},"end":{"line":243,"column":59}},"68":{"start":{"line":245,"column":12},"end":{"line":245,"column":23}},"69":{"start":{"line":247,"column":12},"end":{"line":247,"column":51}},"70":{"start":{"line":248,"column":12},"end":{"line":253,"column":14}},"71":{"start":{"line":258,"column":8},"end":{"line":258,"column":39}},"72":{"start":{"line":264,"column":24},"end":{"line":264,"column":54}},"73":{"start":{"line":265,"column":8},"end":{"line":265,"column":66}},"74":{"start":{"line":266,"column":18},"end":{"line":266,"column":27}},"75":{"start":{"line":267,"column":8},"end":{"line":287,"column":null}},"76":{"start":{"line":269,"column":29},"end":{"line":273,"column":14}},"77":{"start":{"line":275,"column":12},"end":{"line":275,"column":41}},"78":{"start":{"line":276,"column":12},"end":{"line":276,"column":40}},"79":{"start":{"line":278,"column":12},"end":{"line":278,"column":23}},"80":{"start":{"line":280,"column":12},"end":{"line":280,"column":51}},"81":{"start":{"line":281,"column":12},"end":{"line":286,"column":14}}},"fnMap":{"0":{"name":"(anonymous_7)","decl":{"start":{"line":36,"column":4},"end":{"line":36,"column":null}},"loc":{"start":{"line":36,"column":4},"end":{"line":38,"column":5}}},"1":{"name":"(anonymous_8)","decl":{"start":{"line":41,"column":17},"end":{"line":41,"column":31}},"loc":{"start":{"line":41,"column":57},"end":{"line":47,"column":null}}},"2":{"name":"(anonymous_10)","decl":{"start":{"line":50,"column":17},"end":{"line":50,"column":36}},"loc":{"start":{"line":50,"column":62},"end":{"line":53,"column":null}}},"3":{"name":"(anonymous_12)","decl":{"start":{"line":55,"column":17},"end":{"line":55,"column":34}},"loc":{"start":{"line":55,"column":58},"end":{"line":58,"column":null}}},"4":{"name":"(anonymous_14)","decl":{"start":{"line":60,"column":17},"end":{"line":60,"column":29}},"loc":{"start":{"line":60,"column":29},"end":{"line":63,"column":null}}},"5":{"name":"(anonymous_16)","decl":{"start":{"line":65,"column":17},"end":{"line":65,"column":28}},"loc":{"start":{"line":65,"column":56},"end":{"line":68,"column":null}}},"6":{"name":"(anonymous_18)","decl":{"start":{"line":70,"column":17},"end":{"line":70,"column":24}},"loc":{"start":{"line":70,"column":47},"end":{"line":73,"column":null}}},"7":{"name":"(anonymous_20)","decl":{"start":{"line":75,"column":17},"end":{"line":75,"column":25}},"loc":{"start":{"line":75,"column":49},"end":{"line":78,"column":null}}},"8":{"name":"(anonymous_22)","decl":{"start":{"line":80,"column":17},"end":{"line":80,"column":26}},"loc":{"start":{"line":80,"column":51},"end":{"line":83,"column":null}}},"9":{"name":"(anonymous_24)","decl":{"start":{"line":85,"column":17},"end":{"line":85,"column":32}},"loc":{"start":{"line":85,"column":63},"end":{"line":88,"column":null}}},"10":{"name":"(anonymous_26)","decl":{"start":{"line":90,"column":17},"end":{"line":90,"column":29}},"loc":{"start":{"line":90,"column":57},"end":{"line":93,"column":null}}},"11":{"name":"(anonymous_28)","decl":{"start":{"line":96,"column":17},"end":{"line":96,"column":32}},"loc":{"start":{"line":96,"column":59},"end":{"line":99,"column":null}}},"12":{"name":"(anonymous_30)","decl":{"start":{"line":101,"column":17},"end":{"line":101,"column":34}},"loc":{"start":{"line":101,"column":63},"end":{"line":104,"column":null}}},"13":{"name":"(anonymous_32)","decl":{"start":{"line":106,"column":17},"end":{"line":106,"column":27}},"loc":{"start":{"line":106,"column":56},"end":{"line":109,"column":null}}},"14":{"name":"(anonymous_34)","decl":{"start":{"line":111,"column":17},"end":{"line":111,"column":29}},"loc":{"start":{"line":111,"column":60},"end":{"line":114,"column":null}}},"15":{"name":"(anonymous_36)","decl":{"start":{"line":117,"column":11},"end":{"line":117,"column":26}},"loc":{"start":{"line":117,"column":56},"end":{"line":128,"column":5}}},"16":{"name":"postRequest","decl":{"start":{"line":135,"column":15},"end":{"line":135,"column":26}},"loc":{"start":{"line":135,"column":56},"end":{"line":157,"column":null}}},"17":{"name":"sanityCheck","decl":{"start":{"line":178,"column":9},"end":{"line":178,"column":20}},"loc":{"start":{"line":178,"column":51},"end":{"line":187,"column":1}}},"18":{"name":"(anonymous_40)","decl":{"start":{"line":208,"column":10},"end":{"line":208,"column":null}},"loc":{"start":{"line":212,"column":23},"end":{"line":255,"column":null}}},"19":{"name":"(anonymous_42)","decl":{"start":{"line":256,"column":4},"end":{"line":256,"column":16}},"loc":{"start":{"line":256,"column":16},"end":{"line":256,"column":22}}},"20":{"name":"(anonymous_43)","decl":{"start":{"line":257,"column":11},"end":{"line":257,"column":27}},"loc":{"start":{"line":257,"column":78},"end":{"line":288,"column":null}}}},"branchMap":{"0":{"loc":{"start":{"line":141,"column":8},"end":{"line":142,"column":42}},"type":"if","locations":[{"start":{"line":141,"column":8},"end":{"line":142,"column":42}}]},"1":{"loc":{"start":{"line":141,"column":12},"end":{"line":141,"column":60}},"type":"binary-expr","locations":[{"start":{"line":141,"column":12},"end":{"line":141,"column":30}},{"start":{"line":141,"column":34},"end":{"line":141,"column":60}}]},"2":{"loc":{"start":{"line":146,"column":8},"end":{"line":146,"column":61}},"type":"if","locations":[{"start":{"line":146,"column":8},"end":{"line":146,"column":61}}]},"3":{"loc":{"start":{"line":180,"column":4},"end":{"line":182,"column":null}},"type":"if","locations":[{"start":{"line":180,"column":4},"end":{"line":182,"column":null}}]},"4":{"loc":{"start":{"line":184,"column":4},"end":{"line":186,"column":null}},"type":"if","locations":[{"start":{"line":184,"column":4},"end":{"line":186,"column":null}}]},"5":{"loc":{"start":{"line":215,"column":24},"end":{"line":215,"column":54}},"type":"cond-expr","locations":[{"start":{"line":215,"column":37},"end":{"line":215,"column":47}},{"start":{"line":215,"column":50},"end":{"line":215,"column":54}}]},"6":{"loc":{"start":{"line":221,"column":12},"end":{"line":240,"column":null}},"type":"if","locations":[{"start":{"line":221,"column":12},"end":{"line":240,"column":null}},{"start":{"line":230,"column":19},"end":{"line":240,"column":null}}]},"7":{"loc":{"start":{"line":221,"column":16},"end":{"line":221,"column":55}},"type":"binary-expr","locations":[{"start":{"line":221,"column":16},"end":{"line":221,"column":22}},{"start":{"line":221,"column":26},"end":{"line":221,"column":55}}]},"8":{"loc":{"start":{"line":233,"column":28},"end":{"line":233,"column":52}},"type":"cond-expr","locations":[{"start":{"line":233,"column":37},"end":{"line":233,"column":43}},{"start":{"line":233,"column":46},"end":{"line":233,"column":52}}]},"9":{"loc":{"start":{"line":264,"column":24},"end":{"line":264,"column":54}},"type":"cond-expr","locations":[{"start":{"line":264,"column":37},"end":{"line":264,"column":47}},{"start":{"line":264,"column":50},"end":{"line":264,"column":54}}]}},"s":{"0":1,"1":1,"2":1,"3":1,"4":1,"5":1,"6":1,"7":1,"8":1,"9":1,"10":1,"11":1,"12":1,"13":0,"14":0,"15":1,"16":1,"17":1,"18":1,"19":1,"20":1,"21":1,"22":1,"23":1,"24":1,"25":1,"26":1,"27":1,"28":1,"29":1,"30":1,"31":1,"32":1,"33":0,"34":1,"35":13,"36":13,"37":13,"38":13,"39":0,"40":13,"41":13,"42":13,"43":13,"44":13,"45":13,"46":0,"47":1,"48":1,"49":1,"50":1,"51":13,"52":13,"53":3,"54":13,"55":0,"56":1,"57":13,"58":13,"59":13,"60":13,"61":13,"62":13,"63":13,"64":0,"65":13,"66":13,"67":13,"68":13,"69":0,"70":0,"71":0,"72":0,"73":0,"74":0,"75":0,"76":0,"77":0,"78":0,"79":0,"80":0,"81":0},"f":{"0":1,"1":1,"2":1,"3":1,"4":1,"5":0,"6":1,"7":1,"8":1,"9":1,"10":1,"11":1,"12":1,"13":1,"14":1,"15":0,"16":13,"17":13,"18":13,"19":0,"20":0},"b":{"0":[0],"1":[13,13],"2":[13],"3":[3],"4":[0],"5":[0,13],"6":[0,13],"7":[13,0],"8":[0,13],"9":[0,0]}}
,"/Users/leilani/NCC/dev/dapi-lib/src/utils.ts": {"path":"/Users/leilani/NCC/dev/dapi-lib/src/utils.ts","statementMap":{"0":{"start":{"line":5,"column":39},"end":{"line":8,"column":6}},"1":{"start":{"line":10,"column":4},"end":{"line":66,"column":null}},"2":{"start":{"line":12,"column":12},"end":{"line":12,"column":41}},"3":{"start":{"line":13,"column":12},"end":{"line":13,"column":65}},"4":{"start":{"line":14,"column":12},"end":{"line":14,"column":18}},"5":{"start":{"line":16,"column":12},"end":{"line":16,"column":41}},"6":{"start":{"line":17,"column":12},"end":{"line":17,"column":69}},"7":{"start":{"line":18,"column":12},"end":{"line":18,"column":18}},"8":{"start":{"line":20,"column":12},"end":{"line":20,"column":41}},"9":{"start":{"line":21,"column":12},"end":{"line":21,"column":65}},"10":{"start":{"line":22,"column":12},"end":{"line":22,"column":18}},"11":{"start":{"line":24,"column":12},"end":{"line":24,"column":41}},"12":{"start":{"line":25,"column":12},"end":{"line":25,"column":63}},"13":{"start":{"line":26,"column":12},"end":{"line":26,"column":18}},"14":{"start":{"line":28,"column":12},"end":{"line":28,"column":68}},"15":{"start":{"line":29,"column":12},"end":{"line":29,"column":44}},"16":{"start":{"line":30,"column":12},"end":{"line":30,"column":18}},"17":{"start":{"line":32,"column":12},"end":{"line":32,"column":41}},"18":{"start":{"line":33,"column":12},"end":{"line":33,"column":67}},"19":{"start":{"line":34,"column":12},"end":{"line":34,"column":18}},"20":{"start":{"line":36,"column":12},"end":{"line":36,"column":41}},"21":{"start":{"line":37,"column":12},"end":{"line":37,"column":62}},"22":{"start":{"line":38,"column":12},"end":{"line":38,"column":18}},"23":{"start":{"line":40,"column":12},"end":{"line":40,"column":41}},"24":{"start":{"line":41,"column":12},"end":{"line":41,"column":63}},"25":{"start":{"line":42,"column":12},"end":{"line":42,"column":18}},"26":{"start":{"line":44,"column":12},"end":{"line":44,"column":41}},"27":{"start":{"line":45,"column":12},"end":{"line":45,"column":64}},"28":{"start":{"line":47,"column":12},"end":{"line":47,"column":41}},"29":{"start":{"line":48,"column":12},"end":{"line":48,"column":67}},"30":{"start":{"line":50,"column":12},"end":{"line":50,"column":41}},"31":{"start":{"line":51,"column":12},"end":{"line":51,"column":70}},"32":{"start":{"line":53,"column":12},"end":{"line":53,"column":41}},"33":{"start":{"line":54,"column":12},"end":{"line":54,"column":66}},"34":{"start":{"line":56,"column":12},"end":{"line":56,"column":41}},"35":{"start":{"line":57,"column":12},"end":{"line":57,"column":68}},"36":{"start":{"line":59,"column":12},"end":{"line":59,"column":41}},"37":{"start":{"line":60,"column":12},"end":{"line":60,"column":68}},"38":{"start":{"line":62,"column":12},"end":{"line":62,"column":41}},"39":{"start":{"line":63,"column":12},"end":{"line":63,"column":70}},"40":{"start":{"line":65,"column":12},"end":{"line":65,"column":18}},"41":{"start":{"line":67,"column":4},"end":{"line":67,"column":33}},"42":{"start":{"line":68,"column":4},"end":{"line":68,"column":27}},"43":{"start":{"line":4,"column":0},"end":{"line":4,"column":16}}},"fnMap":{"0":{"name":"validateParams","decl":{"start":{"line":4,"column":16},"end":{"line":4,"column":30}},"loc":{"start":{"line":4,"column":60},"end":{"line":69,"column":1}}}},"branchMap":{"0":{"loc":{"start":{"line":10,"column":4},"end":{"line":66,"column":null}},"type":"switch","locations":[{"start":{"line":11,"column":8},"end":{"line":14,"column":18}},{"start":{"line":15,"column":8},"end":{"line":18,"column":18}},{"start":{"line":19,"column":8},"end":{"line":22,"column":18}},{"start":{"line":23,"column":8},"end":{"line":26,"column":18}},{"start":{"line":27,"column":8},"end":{"line":30,"column":18}},{"start":{"line":31,"column":8},"end":{"line":34,"column":18}},{"start":{"line":35,"column":8},"end":{"line":38,"column":18}},{"start":{"line":39,"column":8},"end":{"line":42,"column":18}},{"start":{"line":43,"column":8},"end":{"line":45,"column":64}},{"start":{"line":46,"column":8},"end":{"line":48,"column":67}},{"start":{"line":49,"column":8},"end":{"line":51,"column":70}},{"start":{"line":52,"column":8},"end":{"line":54,"column":66}},{"start":{"line":55,"column":8},"end":{"line":57,"column":68}},{"start":{"line":58,"column":8},"end":{"line":60,"column":68}},{"start":{"line":61,"column":8},"end":{"line":63,"column":70}},{"start":{"line":64,"column":8},"end":{"line":65,"column":18}}]}},"s":{"0":13,"1":13,"2":1,"3":1,"4":1,"5":0,"6":0,"7":0,"8":1,"9":1,"10":1,"11":1,"12":1,"13":1,"14":1,"15":1,"16":1,"17":0,"18":0,"19":0,"20":1,"21":1,"22":1,"23":1,"24":1,"25":1,"26":1,"27":1,"28":2,"29":2,"30":3,"31":3,"32":4,"33":4,"34":5,"35":5,"36":6,"37":6,"38":7,"39":7,"40":7,"41":13,"42":13,"43":1},"f":{"0":13},"b":{"0":[1,0,1,1,1,0,1,1,1,2,3,4,5,6,7,7]}}
,"/Users/leilani/NCC/dev/dapi-lib/test/algonaut.ts": {"path":"/Users/leilani/NCC/dev/dapi-lib/test/algonaut.ts","statementMap":{"0":{"start":{"line":1,"column":0},"end":{"line":1,"column":46}},"1":{"start":{"line":4,"column":13},"end":{"line":5,"column":172}},"2":{"start":{"line":6,"column":13},"end":{"line":7,"column":65}},"3":{"start":{"line":9,"column":13},"end":{"line":9,"column":41}},"4":{"start":{"line":10,"column":13},"end":{"line":10,"column":41}},"5":{"start":{"line":11,"column":13},"end":{"line":11,"column":44}},"6":{"start":{"line":12,"column":13},"end":{"line":12,"column":43}},"7":{"start":{"line":13,"column":13},"end":{"line":13,"column":43}},"8":{"start":{"line":14,"column":13},"end":{"line":14,"column":50}},"9":{"start":{"line":15,"column":13},"end":{"line":15,"column":43}},"10":{"start":{"line":16,"column":13},"end":{"line":16,"column":48}},"11":{"start":{"line":17,"column":13},"end":{"line":17,"column":40}},"12":{"start":{"line":18,"column":13},"end":{"line":18,"column":35}},"13":{"start":{"line":21,"column":13},"end":{"line":29,"column":3}}},"fnMap":{},"branchMap":{},"s":{"0":1,"1":1,"2":1,"3":1,"4":1,"5":1,"6":1,"7":1,"8":1,"9":1,"10":1,"11":1,"12":1,"13":1},"f":{},"b":{}}
}
