{"/Users/leilani/NCC/dev/dapi-lib/src/endUser.ts": {"path":"/Users/leilani/NCC/dev/dapi-lib/src/endUser.ts","statementMap":{"0":{"start":{"line":3,"column":0},"end":{"line":3,"column":68}},"1":{"start":{"line":7,"column":4},"end":{"line":7,"column":40}},"2":{"start":{"line":8,"column":36},"end":{"line":12,"column":6}},"3":{"start":{"line":14,"column":4},"end":{"line":17,"column":null}},"4":{"start":{"line":15,"column":8},"end":{"line":15,"column":32}},"5":{"start":{"line":16,"column":8},"end":{"line":16,"column":22}},"6":{"start":{"line":19,"column":4},"end":{"line":47,"column":null}},"7":{"start":{"line":20,"column":8},"end":{"line":20,"column":76}},"8":{"start":{"line":22,"column":19},"end":{"line":28,"column":10}},"9":{"start":{"line":30,"column":21},"end":{"line":30,"column":53}},"10":{"start":{"line":32,"column":8},"end":{"line":32,"column":38}},"11":{"start":{"line":34,"column":25},"end":{"line":34,"column":61}},"12":{"start":{"line":35,"column":27},"end":{"line":35,"column":61}},"13":{"start":{"line":36,"column":8},"end":{"line":36,"column":32}},"14":{"start":{"line":38,"column":8},"end":{"line":38,"column":50}},"15":{"start":{"line":39,"column":8},"end":{"line":39,"column":27}},"16":{"start":{"line":40,"column":8},"end":{"line":40,"column":37}},"17":{"start":{"line":42,"column":8},"end":{"line":42,"column":22}},"18":{"start":{"line":45,"column":8},"end":{"line":45,"column":49}},"19":{"start":{"line":46,"column":8},"end":{"line":46,"column":22}},"20":{"start":{"line":5,"column":0},"end":{"line":5,"column":22}}},"fnMap":{"0":{"name":"promptAccessToken","decl":{"start":{"line":5,"column":22},"end":{"line":5,"column":39}},"loc":{"start":{"line":5,"column":58},"end":{"line":48,"column":null}}}},"branchMap":{"0":{"loc":{"start":{"line":14,"column":4},"end":{"line":17,"column":null}},"type":"if","locations":[{"start":{"line":14,"column":4},"end":{"line":17,"column":null}}]}},"s":{"0":4,"1":4,"2":4,"3":4,"4":0,"5":0,"6":4,"7":4,"8":4,"9":4,"10":4,"11":4,"12":4,"13":4,"14":4,"15":4,"16":4,"17":4,"18":0,"19":0,"20":4},"f":{"0":4},"b":{"0":[0]}}
,"/Users/leilani/NCC/dev/dapi-lib/src/index.ts": {"path":"/Users/leilani/NCC/dev/dapi-lib/src/index.ts","statementMap":{"0":{"start":{"line":1,"column":0},"end":{"line":1,"column":40}},"1":{"start":{"line":2,"column":0},"end":{"line":2,"column":48}},"2":{"start":{"line":3,"column":0},"end":{"line":3,"column":36}},"3":{"start":{"line":4,"column":0},"end":{"line":4,"column":38}},"4":{"start":{"line":5,"column":0},"end":{"line":5,"column":34}},"5":{"start":{"line":6,"column":0},"end":{"line":6,"column":36}},"6":{"start":{"line":12,"column":0},"end":{"line":12,"column":38}},"7":{"start":{"line":16,"column":8},"end":{"line":16,"column":48}},"8":{"start":{"line":17,"column":8},"end":{"line":17,"column":33}},"9":{"start":{"line":18,"column":8},"end":{"line":18,"column":31}},"10":{"start":{"line":19,"column":8},"end":{"line":19,"column":29}},"11":{"start":{"line":20,"column":8},"end":{"line":20,"column":35}},"12":{"start":{"line":21,"column":8},"end":{"line":21,"column":43}},"13":{"start":{"line":22,"column":8},"end":{"line":22,"column":31}},"14":{"start":{"line":37,"column":31},"end":{"line":37,"column":50}},"15":{"start":{"line":38,"column":8},"end":{"line":38,"column":47}},"16":{"start":{"line":43,"column":31},"end":{"line":43,"column":47}},"17":{"start":{"line":44,"column":8},"end":{"line":44,"column":47}},"18":{"start":{"line":14,"column":0},"end":{"line":14,"column":13}}},"fnMap":{"0":{"name":"(anonymous_7)","decl":{"start":{"line":15,"column":4},"end":{"line":15,"column":null}},"loc":{"start":{"line":15,"column":4},"end":{"line":23,"column":5}}},"1":{"name":"(anonymous_8)","decl":{"start":{"line":33,"column":17},"end":{"line":33,"column":31}},"loc":{"start":{"line":33,"column":57},"end":{"line":39,"column":null}}},"2":{"name":"(anonymous_10)","decl":{"start":{"line":42,"column":17},"end":{"line":42,"column":29}},"loc":{"start":{"line":42,"column":56},"end":{"line":45,"column":null}}}},"branchMap":{},"s":{"0":4,"1":4,"2":4,"3":4,"4":4,"5":4,"6":4,"7":4,"8":4,"9":4,"10":4,"11":4,"12":4,"13":4,"14":4,"15":4,"16":1,"17":1,"18":4},"f":{"0":4,"1":4,"2":1},"b":{}}
,"/Users/leilani/NCC/dev/dapi-lib/src/setup.ts": {"path":"/Users/leilani/NCC/dev/dapi-lib/src/setup.ts","statementMap":{"0":{"start":{"line":5,"column":0},"end":{"line":5,"column":38}},"1":{"start":{"line":6,"column":0},"end":{"line":6,"column":33}},"2":{"start":{"line":8,"column":0},"end":{"line":8,"column":61}},"3":{"start":{"line":10,"column":13},"end":{"line":10,"column":132}},"4":{"start":{"line":11,"column":13},"end":{"line":11,"column":104}},"5":{"start":{"line":12,"column":13},"end":{"line":12,"column":98}},"6":{"start":{"line":15,"column":19},"end":{"line":15,"column":85}},"7":{"start":{"line":34,"column":13},"end":{"line":116,"column":2}},"8":{"start":{"line":41,"column":8},"end":{"line":41,"column":39}},"9":{"start":{"line":42,"column":24},"end":{"line":42,"column":54}},"10":{"start":{"line":43,"column":8},"end":{"line":43,"column":65}},"11":{"start":{"line":44,"column":18},"end":{"line":44,"column":27}},"12":{"start":{"line":45,"column":23},"end":{"line":45,"column":37}},"13":{"start":{"line":46,"column":8},"end":{"line":81,"column":null}},"14":{"start":{"line":48,"column":12},"end":{"line":67,"column":null}},"15":{"start":{"line":49,"column":16},"end":{"line":56,"column":19}},"16":{"start":{"line":58,"column":16},"end":{"line":66,"column":19}},"17":{"start":{"line":69,"column":12},"end":{"line":69,"column":40}},"18":{"start":{"line":70,"column":12},"end":{"line":70,"column":59}},"19":{"start":{"line":72,"column":12},"end":{"line":72,"column":23}},"20":{"start":{"line":74,"column":12},"end":{"line":74,"column":51}},"21":{"start":{"line":75,"column":12},"end":{"line":80,"column":14}},"22":{"start":{"line":85,"column":8},"end":{"line":85,"column":39}},"23":{"start":{"line":91,"column":24},"end":{"line":91,"column":54}},"24":{"start":{"line":92,"column":8},"end":{"line":92,"column":66}},"25":{"start":{"line":93,"column":18},"end":{"line":93,"column":27}},"26":{"start":{"line":94,"column":8},"end":{"line":114,"column":null}},"27":{"start":{"line":96,"column":29},"end":{"line":100,"column":14}},"28":{"start":{"line":102,"column":12},"end":{"line":102,"column":41}},"29":{"start":{"line":103,"column":12},"end":{"line":103,"column":40}},"30":{"start":{"line":105,"column":12},"end":{"line":105,"column":23}},"31":{"start":{"line":107,"column":12},"end":{"line":107,"column":51}},"32":{"start":{"line":108,"column":12},"end":{"line":113,"column":14}}},"fnMap":{"0":{"name":"(anonymous_13)","decl":{"start":{"line":35,"column":10},"end":{"line":35,"column":null}},"loc":{"start":{"line":39,"column":23},"end":{"line":82,"column":null}}},"1":{"name":"(anonymous_15)","decl":{"start":{"line":83,"column":4},"end":{"line":83,"column":16}},"loc":{"start":{"line":83,"column":16},"end":{"line":83,"column":22}}},"2":{"name":"(anonymous_16)","decl":{"start":{"line":84,"column":11},"end":{"line":84,"column":27}},"loc":{"start":{"line":84,"column":78},"end":{"line":115,"column":null}}}},"branchMap":{"0":{"loc":{"start":{"line":10,"column":40},"end":{"line":10,"column":131}},"type":"cond-expr","locations":[{"start":{"line":10,"column":79},"end":{"line":10,"column":126}},{"start":{"line":10,"column":129},"end":{"line":10,"column":131}}]},"1":{"loc":{"start":{"line":11,"column":31},"end":{"line":11,"column":103}},"type":"cond-expr","locations":[{"start":{"line":11,"column":61},"end":{"line":11,"column":98}},{"start":{"line":11,"column":101},"end":{"line":11,"column":103}}]},"2":{"loc":{"start":{"line":12,"column":29},"end":{"line":12,"column":97}},"type":"cond-expr","locations":[{"start":{"line":12,"column":57},"end":{"line":12,"column":92}},{"start":{"line":12,"column":95},"end":{"line":12,"column":97}}]},"3":{"loc":{"start":{"line":15,"column":19},"end":{"line":15,"column":85}},"type":"cond-expr","locations":[{"start":{"line":15,"column":42},"end":{"line":15,"column":62}},{"start":{"line":15,"column":65},"end":{"line":15,"column":85}}]},"4":{"loc":{"start":{"line":42,"column":24},"end":{"line":42,"column":54}},"type":"cond-expr","locations":[{"start":{"line":42,"column":37},"end":{"line":42,"column":47}},{"start":{"line":42,"column":50},"end":{"line":42,"column":54}}]},"5":{"loc":{"start":{"line":48,"column":12},"end":{"line":67,"column":null}},"type":"if","locations":[{"start":{"line":48,"column":12},"end":{"line":67,"column":null}},{"start":{"line":57,"column":19},"end":{"line":67,"column":null}}]},"6":{"loc":{"start":{"line":48,"column":16},"end":{"line":48,"column":55}},"type":"binary-expr","locations":[{"start":{"line":48,"column":16},"end":{"line":48,"column":22}},{"start":{"line":48,"column":26},"end":{"line":48,"column":55}}]},"7":{"loc":{"start":{"line":60,"column":28},"end":{"line":60,"column":52}},"type":"cond-expr","locations":[{"start":{"line":60,"column":37},"end":{"line":60,"column":43}},{"start":{"line":60,"column":46},"end":{"line":60,"column":52}}]},"8":{"loc":{"start":{"line":91,"column":24},"end":{"line":91,"column":54}},"type":"cond-expr","locations":[{"start":{"line":91,"column":37},"end":{"line":91,"column":47}},{"start":{"line":91,"column":50},"end":{"line":91,"column":54}}]}},"s":{"0":4,"1":4,"2":4,"3":4,"4":4,"5":4,"6":4,"7":4,"8":23,"9":23,"10":23,"11":23,"12":23,"13":23,"14":23,"15":0,"16":23,"17":23,"18":23,"19":23,"20":0,"21":0,"22":0,"23":0,"24":0,"25":0,"26":0,"27":0,"28":0,"29":0,"30":0,"31":0,"32":0},"f":{"0":23,"1":0,"2":0},"b":{"0":[4,0],"1":[4,0],"2":[4,0],"3":[4,0],"4":[0,23],"5":[0,23],"6":[23,0],"7":[0,23],"8":[0,0]}}
,"/Users/leilani/NCC/dev/dapi-lib/src/utils.ts": {"path":"/Users/leilani/NCC/dev/dapi-lib/src/utils.ts","statementMap":{"0":{"start":{"line":2,"column":0},"end":{"line":2,"column":35}},"1":{"start":{"line":6,"column":39},"end":{"line":9,"column":6}},"2":{"start":{"line":11,"column":4},"end":{"line":72,"column":null}},"3":{"start":{"line":13,"column":12},"end":{"line":13,"column":41}},"4":{"start":{"line":14,"column":12},"end":{"line":14,"column":65}},"5":{"start":{"line":15,"column":12},"end":{"line":15,"column":18}},"6":{"start":{"line":17,"column":12},"end":{"line":17,"column":41}},"7":{"start":{"line":18,"column":12},"end":{"line":18,"column":65}},"8":{"start":{"line":19,"column":12},"end":{"line":19,"column":18}},"9":{"start":{"line":21,"column":12},"end":{"line":21,"column":41}},"10":{"start":{"line":22,"column":12},"end":{"line":22,"column":63}},"11":{"start":{"line":23,"column":12},"end":{"line":23,"column":18}},"12":{"start":{"line":25,"column":12},"end":{"line":25,"column":68}},"13":{"start":{"line":26,"column":12},"end":{"line":26,"column":44}},"14":{"start":{"line":27,"column":12},"end":{"line":27,"column":18}},"15":{"start":{"line":29,"column":12},"end":{"line":29,"column":41}},"16":{"start":{"line":30,"column":12},"end":{"line":30,"column":67}},"17":{"start":{"line":31,"column":12},"end":{"line":31,"column":18}},"18":{"start":{"line":33,"column":12},"end":{"line":33,"column":41}},"19":{"start":{"line":34,"column":12},"end":{"line":34,"column":62}},"20":{"start":{"line":35,"column":12},"end":{"line":35,"column":18}},"21":{"start":{"line":37,"column":12},"end":{"line":37,"column":41}},"22":{"start":{"line":38,"column":12},"end":{"line":38,"column":63}},"23":{"start":{"line":39,"column":12},"end":{"line":39,"column":18}},"24":{"start":{"line":41,"column":12},"end":{"line":41,"column":41}},"25":{"start":{"line":42,"column":12},"end":{"line":42,"column":64}},"26":{"start":{"line":44,"column":12},"end":{"line":44,"column":41}},"27":{"start":{"line":45,"column":12},"end":{"line":45,"column":67}},"28":{"start":{"line":47,"column":12},"end":{"line":47,"column":41}},"29":{"start":{"line":48,"column":12},"end":{"line":48,"column":70}},"30":{"start":{"line":50,"column":12},"end":{"line":50,"column":41}},"31":{"start":{"line":51,"column":12},"end":{"line":51,"column":66}},"32":{"start":{"line":53,"column":12},"end":{"line":53,"column":41}},"33":{"start":{"line":54,"column":12},"end":{"line":54,"column":68}},"34":{"start":{"line":56,"column":12},"end":{"line":56,"column":41}},"35":{"start":{"line":57,"column":12},"end":{"line":57,"column":68}},"36":{"start":{"line":59,"column":12},"end":{"line":59,"column":41}},"37":{"start":{"line":60,"column":12},"end":{"line":60,"column":70}},"38":{"start":{"line":62,"column":12},"end":{"line":62,"column":41}},"39":{"start":{"line":63,"column":12},"end":{"line":63,"column":66}},"40":{"start":{"line":65,"column":12},"end":{"line":65,"column":41}},"41":{"start":{"line":66,"column":12},"end":{"line":66,"column":61}},"42":{"start":{"line":68,"column":12},"end":{"line":68,"column":41}},"43":{"start":{"line":69,"column":12},"end":{"line":69,"column":64}},"44":{"start":{"line":71,"column":12},"end":{"line":71,"column":18}},"45":{"start":{"line":73,"column":4},"end":{"line":73,"column":33}},"46":{"start":{"line":74,"column":4},"end":{"line":74,"column":27}},"47":{"start":{"line":5,"column":0},"end":{"line":5,"column":16}},"48":{"start":{"line":82,"column":4},"end":{"line":102,"column":null}},"49":{"start":{"line":83,"column":28},"end":{"line":83,"column":60}},"50":{"start":{"line":84,"column":29},"end":{"line":86,"column":36}},"51":{"start":{"line":87,"column":8},"end":{"line":88,"column":42}},"52":{"start":{"line":88,"column":12},"end":{"line":88,"column":42}},"53":{"start":{"line":89,"column":8},"end":{"line":91,"column":10}},"54":{"start":{"line":92,"column":8},"end":{"line":92,"column":61}},"55":{"start":{"line":92,"column":32},"end":{"line":92,"column":61}},"56":{"start":{"line":93,"column":26},"end":{"line":97,"column":17}},"57":{"start":{"line":98,"column":8},"end":{"line":98,"column":81}},"58":{"start":{"line":99,"column":8},"end":{"line":99,"column":24}},"59":{"start":{"line":101,"column":8},"end":{"line":101,"column":63}},"60":{"start":{"line":81,"column":0},"end":{"line":81,"column":22}},"61":{"start":{"line":106,"column":4},"end":{"line":106,"column":32}},"62":{"start":{"line":107,"column":4},"end":{"line":109,"column":null}},"63":{"start":{"line":108,"column":8},"end":{"line":108,"column":57}},"64":{"start":{"line":111,"column":4},"end":{"line":113,"column":null}},"65":{"start":{"line":112,"column":8},"end":{"line":112,"column":61}},"66":{"start":{"line":105,"column":0},"end":{"line":105,"column":16}}},"fnMap":{"0":{"name":"validateParams","decl":{"start":{"line":5,"column":16},"end":{"line":5,"column":30}},"loc":{"start":{"line":5,"column":60},"end":{"line":75,"column":1}}},"1":{"name":"postRequest","decl":{"start":{"line":81,"column":22},"end":{"line":81,"column":33}},"loc":{"start":{"line":81,"column":63},"end":{"line":103,"column":null}}},"2":{"name":"sanityCheck","decl":{"start":{"line":105,"column":16},"end":{"line":105,"column":27}},"loc":{"start":{"line":105,"column":58},"end":{"line":114,"column":1}}}},"branchMap":{"0":{"loc":{"start":{"line":11,"column":4},"end":{"line":72,"column":null}},"type":"switch","locations":[{"start":{"line":12,"column":8},"end":{"line":15,"column":18}},{"start":{"line":16,"column":8},"end":{"line":19,"column":18}},{"start":{"line":20,"column":8},"end":{"line":23,"column":18}},{"start":{"line":24,"column":8},"end":{"line":27,"column":18}},{"start":{"line":28,"column":8},"end":{"line":31,"column":18}},{"start":{"line":32,"column":8},"end":{"line":35,"column":18}},{"start":{"line":36,"column":8},"end":{"line":39,"column":18}},{"start":{"line":40,"column":8},"end":{"line":42,"column":64}},{"start":{"line":43,"column":8},"end":{"line":45,"column":67}},{"start":{"line":46,"column":8},"end":{"line":48,"column":70}},{"start":{"line":49,"column":8},"end":{"line":51,"column":66}},{"start":{"line":52,"column":8},"end":{"line":54,"column":68}},{"start":{"line":55,"column":8},"end":{"line":57,"column":68}},{"start":{"line":58,"column":8},"end":{"line":60,"column":70}},{"start":{"line":61,"column":8},"end":{"line":63,"column":66}},{"start":{"line":64,"column":8},"end":{"line":66,"column":61}},{"start":{"line":67,"column":8},"end":{"line":69,"column":64}},{"start":{"line":70,"column":8},"end":{"line":71,"column":18}}]},"1":{"loc":{"start":{"line":87,"column":8},"end":{"line":88,"column":42}},"type":"if","locations":[{"start":{"line":87,"column":8},"end":{"line":88,"column":42}}]},"2":{"loc":{"start":{"line":87,"column":12},"end":{"line":87,"column":60}},"type":"binary-expr","locations":[{"start":{"line":87,"column":12},"end":{"line":87,"column":30}},{"start":{"line":87,"column":34},"end":{"line":87,"column":60}}]},"3":{"loc":{"start":{"line":92,"column":8},"end":{"line":92,"column":61}},"type":"if","locations":[{"start":{"line":92,"column":8},"end":{"line":92,"column":61}}]},"4":{"loc":{"start":{"line":107,"column":4},"end":{"line":109,"column":null}},"type":"if","locations":[{"start":{"line":107,"column":4},"end":{"line":109,"column":null}}]},"5":{"loc":{"start":{"line":111,"column":4},"end":{"line":113,"column":null}},"type":"if","locations":[{"start":{"line":111,"column":4},"end":{"line":113,"column":null}}]}},"s":{"0":4,"1":23,"2":23,"3":4,"4":4,"5":4,"6":1,"7":1,"8":1,"9":1,"10":1,"11":1,"12":1,"13":1,"14":1,"15":0,"16":0,"17":0,"18":1,"19":1,"20":1,"21":1,"22":1,"23":1,"24":1,"25":1,"26":2,"27":2,"28":3,"29":3,"30":6,"31":6,"32":7,"33":7,"34":9,"35":9,"36":11,"37":11,"38":12,"39":12,"40":13,"41":13,"42":14,"43":14,"44":14,"45":23,"46":23,"47":4,"48":23,"49":23,"50":23,"51":23,"52":0,"53":23,"54":23,"55":23,"56":23,"57":23,"58":23,"59":0,"60":4,"61":23,"62":23,"63":6,"64":23,"65":0,"66":4},"f":{"0":23,"1":23,"2":23},"b":{"0":[4,1,1,1,0,1,1,1,2,3,6,7,9,11,12,13,14,14],"1":[0],"2":[23,23],"3":[23],"4":[6],"5":[0]}}
,"/Users/leilani/NCC/dev/dapi-lib/src/dapis/Bricks.ts": {"path":"/Users/leilani/NCC/dev/dapi-lib/src/dapis/Bricks.ts","statementMap":{"0":{"start":{"line":2,"column":0},"end":{"line":2,"column":39}},"1":{"start":{"line":6,"column":31},"end":{"line":6,"column":47}},"2":{"start":{"line":7,"column":8},"end":{"line":7,"column":47}},"3":{"start":{"line":11,"column":31},"end":{"line":11,"column":50}},"4":{"start":{"line":12,"column":8},"end":{"line":12,"column":47}},"5":{"start":{"line":16,"column":31},"end":{"line":16,"column":46}},"6":{"start":{"line":17,"column":8},"end":{"line":17,"column":47}},"7":{"start":{"line":21,"column":31},"end":{"line":21,"column":45}},"8":{"start":{"line":22,"column":8},"end":{"line":22,"column":47}},"9":{"start":{"line":26,"column":31},"end":{"line":26,"column":49}},"10":{"start":{"line":27,"column":8},"end":{"line":27,"column":47}},"11":{"start":{"line":31,"column":31},"end":{"line":31,"column":45}},"12":{"start":{"line":32,"column":8},"end":{"line":32,"column":47}},"13":{"start":{"line":4,"column":0},"end":{"line":4,"column":13}}},"fnMap":{"0":{"name":"(anonymous_7)","decl":{"start":{"line":5,"column":17},"end":{"line":5,"column":23}},"loc":{"start":{"line":5,"column":50},"end":{"line":8,"column":null}}},"1":{"name":"(anonymous_9)","decl":{"start":{"line":10,"column":17},"end":{"line":10,"column":25}},"loc":{"start":{"line":10,"column":54},"end":{"line":13,"column":null}}},"2":{"name":"(anonymous_11)","decl":{"start":{"line":15,"column":17},"end":{"line":15,"column":22}},"loc":{"start":{"line":15,"column":48},"end":{"line":18,"column":null}}},"3":{"name":"(anonymous_13)","decl":{"start":{"line":20,"column":17},"end":{"line":20,"column":21}},"loc":{"start":{"line":20,"column":46},"end":{"line":23,"column":null}}},"4":{"name":"(anonymous_15)","decl":{"start":{"line":25,"column":17},"end":{"line":25,"column":24}},"loc":{"start":{"line":25,"column":52},"end":{"line":28,"column":null}}},"5":{"name":"(anonymous_17)","decl":{"start":{"line":30,"column":17},"end":{"line":30,"column":21}},"loc":{"start":{"line":30,"column":46},"end":{"line":33,"column":null}}}},"branchMap":{},"s":{"0":4,"1":0,"2":0,"3":0,"4":0,"5":0,"6":0,"7":0,"8":0,"9":0,"10":0,"11":0,"12":0,"13":4},"f":{"0":0,"1":0,"2":0,"3":0,"4":0,"5":0},"b":{}}
,"/Users/leilani/NCC/dev/dapi-lib/src/dapis/Impression.ts": {"path":"/Users/leilani/NCC/dev/dapi-lib/src/dapis/Impression.ts","statementMap":{"0":{"start":{"line":2,"column":0},"end":{"line":2,"column":39}},"1":{"start":{"line":6,"column":31},"end":{"line":6,"column":51}},"2":{"start":{"line":7,"column":8},"end":{"line":7,"column":47}},"3":{"start":{"line":11,"column":31},"end":{"line":11,"column":55}},"4":{"start":{"line":12,"column":8},"end":{"line":12,"column":47}},"5":{"start":{"line":16,"column":31},"end":{"line":16,"column":55}},"6":{"start":{"line":17,"column":8},"end":{"line":17,"column":47}},"7":{"start":{"line":4,"column":0},"end":{"line":4,"column":13}}},"fnMap":{"0":{"name":"(anonymous_7)","decl":{"start":{"line":5,"column":17},"end":{"line":5,"column":23}},"loc":{"start":{"line":5,"column":54},"end":{"line":8,"column":null}}},"1":{"name":"(anonymous_9)","decl":{"start":{"line":10,"column":17},"end":{"line":10,"column":26}},"loc":{"start":{"line":10,"column":60},"end":{"line":13,"column":null}}},"2":{"name":"(anonymous_11)","decl":{"start":{"line":15,"column":17},"end":{"line":15,"column":26}},"loc":{"start":{"line":15,"column":60},"end":{"line":18,"column":null}}}},"branchMap":{},"s":{"0":4,"1":0,"2":0,"3":0,"4":0,"5":0,"6":0,"7":4},"f":{"0":0,"1":0,"2":0},"b":{}}
,"/Users/leilani/NCC/dev/dapi-lib/src/dapis/LiNR.ts": {"path":"/Users/leilani/NCC/dev/dapi-lib/src/dapis/LiNR.ts","statementMap":{"0":{"start":{"line":2,"column":0},"end":{"line":2,"column":39}},"1":{"start":{"line":6,"column":31},"end":{"line":6,"column":44}},"2":{"start":{"line":7,"column":8},"end":{"line":7,"column":47}},"3":{"start":{"line":11,"column":31},"end":{"line":11,"column":44}},"4":{"start":{"line":12,"column":8},"end":{"line":12,"column":47}},"5":{"start":{"line":4,"column":0},"end":{"line":4,"column":13}}},"fnMap":{"0":{"name":"(anonymous_7)","decl":{"start":{"line":5,"column":17},"end":{"line":5,"column":22}},"loc":{"start":{"line":5,"column":46},"end":{"line":8,"column":null}}},"1":{"name":"(anonymous_9)","decl":{"start":{"line":10,"column":17},"end":{"line":10,"column":22}},"loc":{"start":{"line":10,"column":46},"end":{"line":13,"column":null}}}},"branchMap":{},"s":{"0":4,"1":0,"2":0,"3":0,"4":0,"5":4},"f":{"0":0,"1":0},"b":{}}
,"/Users/leilani/NCC/dev/dapi-lib/src/dapis/Peels.ts": {"path":"/Users/leilani/NCC/dev/dapi-lib/src/dapis/Peels.ts","statementMap":{"0":{"start":{"line":2,"column":0},"end":{"line":2,"column":39}},"1":{"start":{"line":6,"column":8},"end":{"line":6,"column":49}},"2":{"start":{"line":11,"column":31},"end":{"line":11,"column":46}},"3":{"start":{"line":12,"column":8},"end":{"line":12,"column":47}},"4":{"start":{"line":16,"column":31},"end":{"line":16,"column":44}},"5":{"start":{"line":17,"column":8},"end":{"line":17,"column":47}},"6":{"start":{"line":21,"column":31},"end":{"line":21,"column":48}},"7":{"start":{"line":22,"column":8},"end":{"line":22,"column":43}},"8":{"start":{"line":26,"column":31},"end":{"line":26,"column":49}},"9":{"start":{"line":27,"column":8},"end":{"line":27,"column":47}},"10":{"start":{"line":31,"column":31},"end":{"line":31,"column":43}},"11":{"start":{"line":32,"column":8},"end":{"line":32,"column":47}},"12":{"start":{"line":36,"column":31},"end":{"line":36,"column":44}},"13":{"start":{"line":37,"column":8},"end":{"line":37,"column":47}},"14":{"start":{"line":41,"column":31},"end":{"line":41,"column":45}},"15":{"start":{"line":42,"column":8},"end":{"line":42,"column":47}},"16":{"start":{"line":46,"column":31},"end":{"line":46,"column":52}},"17":{"start":{"line":47,"column":8},"end":{"line":47,"column":47}},"18":{"start":{"line":51,"column":31},"end":{"line":51,"column":49}},"19":{"start":{"line":52,"column":8},"end":{"line":52,"column":47}},"20":{"start":{"line":4,"column":0},"end":{"line":4,"column":13}}},"fnMap":{"0":{"name":"(anonymous_7)","decl":{"start":{"line":5,"column":4},"end":{"line":5,"column":null}},"loc":{"start":{"line":5,"column":4},"end":{"line":7,"column":5}}},"1":{"name":"(anonymous_8)","decl":{"start":{"line":10,"column":17},"end":{"line":10,"column":23}},"loc":{"start":{"line":10,"column":49},"end":{"line":13,"column":null}}},"2":{"name":"(anonymous_10)","decl":{"start":{"line":15,"column":17},"end":{"line":15,"column":21}},"loc":{"start":{"line":15,"column":45},"end":{"line":18,"column":null}}},"3":{"name":"(anonymous_12)","decl":{"start":{"line":20,"column":17},"end":{"line":20,"column":24}},"loc":{"start":{"line":20,"column":24},"end":{"line":23,"column":null}}},"4":{"name":"(anonymous_14)","decl":{"start":{"line":25,"column":17},"end":{"line":25,"column":25}},"loc":{"start":{"line":25,"column":53},"end":{"line":28,"column":null}}},"5":{"name":"(anonymous_16)","decl":{"start":{"line":30,"column":17},"end":{"line":30,"column":20}},"loc":{"start":{"line":30,"column":43},"end":{"line":33,"column":null}}},"6":{"name":"(anonymous_18)","decl":{"start":{"line":35,"column":17},"end":{"line":35,"column":21}},"loc":{"start":{"line":35,"column":45},"end":{"line":38,"column":null}}},"7":{"name":"(anonymous_20)","decl":{"start":{"line":40,"column":17},"end":{"line":40,"column":22}},"loc":{"start":{"line":40,"column":47},"end":{"line":43,"column":null}}},"8":{"name":"(anonymous_22)","decl":{"start":{"line":45,"column":17},"end":{"line":45,"column":28}},"loc":{"start":{"line":45,"column":59},"end":{"line":48,"column":null}}},"9":{"name":"(anonymous_24)","decl":{"start":{"line":50,"column":17},"end":{"line":50,"column":25}},"loc":{"start":{"line":50,"column":53},"end":{"line":53,"column":null}}}},"branchMap":{},"s":{"0":4,"1":4,"2":1,"3":1,"4":1,"5":1,"6":1,"7":1,"8":0,"9":0,"10":1,"11":1,"12":1,"13":1,"14":1,"15":1,"16":1,"17":1,"18":1,"19":1,"20":4},"f":{"0":4,"1":1,"2":1,"3":1,"4":0,"5":1,"6":1,"7":1,"8":1,"9":1},"b":{}}
,"/Users/leilani/NCC/dev/dapi-lib/src/dapis/TTM.ts": {"path":"/Users/leilani/NCC/dev/dapi-lib/src/dapis/TTM.ts","statementMap":{"0":{"start":{"line":2,"column":0},"end":{"line":2,"column":39}},"1":{"start":{"line":9,"column":31},"end":{"line":9,"column":42}},"2":{"start":{"line":10,"column":8},"end":{"line":10,"column":47}},"3":{"start":{"line":14,"column":31},"end":{"line":14,"column":45}},"4":{"start":{"line":15,"column":8},"end":{"line":15,"column":47}},"5":{"start":{"line":4,"column":0},"end":{"line":4,"column":13}}},"fnMap":{"0":{"name":"(anonymous_7)","decl":{"start":{"line":5,"column":4},"end":{"line":5,"column":20}},"loc":{"start":{"line":5,"column":4},"end":{"line":5,"column":21}}},"1":{"name":"(anonymous_8)","decl":{"start":{"line":8,"column":17},"end":{"line":8,"column":21}},"loc":{"start":{"line":8,"column":43},"end":{"line":11,"column":null}}},"2":{"name":"(anonymous_10)","decl":{"start":{"line":13,"column":17},"end":{"line":13,"column":24}},"loc":{"start":{"line":13,"column":49},"end":{"line":16,"column":null}}}},"branchMap":{},"s":{"0":4,"1":1,"2":1,"3":1,"4":1,"5":4},"f":{"0":4,"1":1,"2":1},"b":{}}
,"/Users/leilani/NCC/dev/dapi-lib/src/dapis/User.ts": {"path":"/Users/leilani/NCC/dev/dapi-lib/src/dapis/User.ts","statementMap":{"0":{"start":{"line":2,"column":0},"end":{"line":2,"column":39}},"1":{"start":{"line":11,"column":31},"end":{"line":11,"column":47}},"2":{"start":{"line":12,"column":8},"end":{"line":12,"column":47}},"3":{"start":{"line":16,"column":31},"end":{"line":16,"column":49}},"4":{"start":{"line":17,"column":8},"end":{"line":17,"column":47}},"5":{"start":{"line":21,"column":31},"end":{"line":21,"column":51}},"6":{"start":{"line":22,"column":8},"end":{"line":22,"column":47}},"7":{"start":{"line":26,"column":31},"end":{"line":26,"column":53}},"8":{"start":{"line":27,"column":8},"end":{"line":27,"column":47}},"9":{"start":{"line":4,"column":0},"end":{"line":4,"column":13}}},"fnMap":{"0":{"name":"(anonymous_7)","decl":{"start":{"line":5,"column":4},"end":{"line":5,"column":null}},"loc":{"start":{"line":5,"column":4},"end":{"line":7,"column":5}}},"1":{"name":"(anonymous_8)","decl":{"start":{"line":10,"column":17},"end":{"line":10,"column":25}},"loc":{"start":{"line":10,"column":52},"end":{"line":13,"column":null}}},"2":{"name":"(anonymous_10)","decl":{"start":{"line":15,"column":17},"end":{"line":15,"column":27}},"loc":{"start":{"line":15,"column":56},"end":{"line":18,"column":null}}},"3":{"name":"(anonymous_12)","decl":{"start":{"line":20,"column":17},"end":{"line":20,"column":27}},"loc":{"start":{"line":20,"column":56},"end":{"line":23,"column":null}}},"4":{"name":"(anonymous_14)","decl":{"start":{"line":25,"column":17},"end":{"line":25,"column":29}},"loc":{"start":{"line":25,"column":60},"end":{"line":28,"column":null}}}},"branchMap":{},"s":{"0":4,"1":3,"2":3,"3":1,"4":1,"5":2,"6":2,"7":2,"8":2,"9":4},"f":{"0":4,"1":3,"2":1,"3":2,"4":2},"b":{}}
,"/Users/leilani/NCC/dev/dapi-lib/test/algonaut.ts": {"path":"/Users/leilani/NCC/dev/dapi-lib/test/algonaut.ts","statementMap":{"0":{"start":{"line":1,"column":0},"end":{"line":1,"column":62}},"1":{"start":{"line":2,"column":0},"end":{"line":2,"column":33}},"2":{"start":{"line":3,"column":0},"end":{"line":3,"column":null}},"3":{"start":{"line":6,"column":13},"end":{"line":6,"column":89}},"4":{"start":{"line":7,"column":13},"end":{"line":7,"column":92}},"5":{"start":{"line":8,"column":13},"end":{"line":8,"column":96}},"6":{"start":{"line":9,"column":13},"end":{"line":9,"column":99}},"7":{"start":{"line":10,"column":13},"end":{"line":10,"column":105}},"8":{"start":{"line":11,"column":13},"end":{"line":11,"column":102}},"9":{"start":{"line":12,"column":13},"end":{"line":12,"column":102}},"10":{"start":{"line":13,"column":13},"end":{"line":13,"column":123}},"11":{"start":{"line":14,"column":13},"end":{"line":14,"column":102}},"12":{"start":{"line":15,"column":13},"end":{"line":15,"column":117}},"13":{"start":{"line":16,"column":13},"end":{"line":16,"column":90}},"14":{"start":{"line":17,"column":13},"end":{"line":17,"column":78}},"15":{"start":{"line":19,"column":19},"end":{"line":25,"column":null}},"16":{"start":{"line":27,"column":0},"end":{"line":27,"column":66}},"17":{"start":{"line":29,"column":13},"end":{"line":31,"column":3}}},"fnMap":{},"branchMap":{"0":{"loc":{"start":{"line":6,"column":28},"end":{"line":6,"column":88}},"type":"cond-expr","locations":[{"start":{"line":6,"column":56},"end":{"line":6,"column":81}},{"start":{"line":6,"column":84},"end":{"line":6,"column":88}}]},"1":{"loc":{"start":{"line":7,"column":29},"end":{"line":7,"column":91}},"type":"cond-expr","locations":[{"start":{"line":7,"column":58},"end":{"line":7,"column":84}},{"start":{"line":7,"column":87},"end":{"line":7,"column":91}}]},"2":{"loc":{"start":{"line":8,"column":31},"end":{"line":8,"column":95}},"type":"cond-expr","locations":[{"start":{"line":8,"column":61},"end":{"line":8,"column":88}},{"start":{"line":8,"column":91},"end":{"line":8,"column":95}}]},"3":{"loc":{"start":{"line":9,"column":32},"end":{"line":9,"column":98}},"type":"cond-expr","locations":[{"start":{"line":9,"column":63},"end":{"line":9,"column":91}},{"start":{"line":9,"column":94},"end":{"line":9,"column":98}}]},"4":{"loc":{"start":{"line":10,"column":34},"end":{"line":10,"column":104}},"type":"cond-expr","locations":[{"start":{"line":10,"column":67},"end":{"line":10,"column":97}},{"start":{"line":10,"column":100},"end":{"line":10,"column":104}}]},"5":{"loc":{"start":{"line":11,"column":33},"end":{"line":11,"column":101}},"type":"cond-expr","locations":[{"start":{"line":11,"column":65},"end":{"line":11,"column":94}},{"start":{"line":11,"column":97},"end":{"line":11,"column":101}}]},"6":{"loc":{"start":{"line":12,"column":33},"end":{"line":12,"column":101}},"type":"cond-expr","locations":[{"start":{"line":12,"column":65},"end":{"line":12,"column":94}},{"start":{"line":12,"column":97},"end":{"line":12,"column":101}}]},"7":{"loc":{"start":{"line":13,"column":40},"end":{"line":13,"column":122}},"type":"cond-expr","locations":[{"start":{"line":13,"column":79},"end":{"line":13,"column":115}},{"start":{"line":13,"column":118},"end":{"line":13,"column":122}}]},"8":{"loc":{"start":{"line":14,"column":33},"end":{"line":14,"column":101}},"type":"cond-expr","locations":[{"start":{"line":14,"column":65},"end":{"line":14,"column":94}},{"start":{"line":14,"column":97},"end":{"line":14,"column":101}}]},"9":{"loc":{"start":{"line":15,"column":38},"end":{"line":15,"column":116}},"type":"cond-expr","locations":[{"start":{"line":15,"column":75},"end":{"line":15,"column":109}},{"start":{"line":15,"column":112},"end":{"line":15,"column":116}}]},"10":{"loc":{"start":{"line":16,"column":29},"end":{"line":16,"column":89}},"type":"cond-expr","locations":[{"start":{"line":16,"column":57},"end":{"line":16,"column":82}},{"start":{"line":16,"column":85},"end":{"line":16,"column":89}}]},"11":{"loc":{"start":{"line":17,"column":25},"end":{"line":17,"column":77}},"type":"cond-expr","locations":[{"start":{"line":17,"column":49},"end":{"line":17,"column":70}},{"start":{"line":17,"column":73},"end":{"line":17,"column":77}}]},"12":{"loc":{"start":{"line":20,"column":17},"end":{"line":20,"column":71}},"type":"cond-expr","locations":[{"start":{"line":20,"column":43},"end":{"line":20,"column":66}},{"start":{"line":20,"column":69},"end":{"line":20,"column":71}}]},"13":{"loc":{"start":{"line":21,"column":18},"end":{"line":21,"column":74}},"type":"cond-expr","locations":[{"start":{"line":21,"column":45},"end":{"line":21,"column":69}},{"start":{"line":21,"column":72},"end":{"line":21,"column":74}}]},"14":{"loc":{"start":{"line":22,"column":12},"end":{"line":22,"column":56}},"type":"cond-expr","locations":[{"start":{"line":22,"column":33},"end":{"line":22,"column":51}},{"start":{"line":22,"column":54},"end":{"line":22,"column":56}}]},"15":{"loc":{"start":{"line":23,"column":10},"end":{"line":23,"column":50}},"type":"cond-expr","locations":[{"start":{"line":23,"column":29},"end":{"line":23,"column":45}},{"start":{"line":23,"column":48},"end":{"line":23,"column":50}}]},"16":{"loc":{"start":{"line":24,"column":15},"end":{"line":24,"column":101}},"type":"cond-expr","locations":[{"start":{"line":24,"column":39},"end":{"line":24,"column":60}},{"start":{"line":24,"column":63},"end":{"line":24,"column":101}}]}},"s":{"0":4,"1":4,"2":4,"3":4,"4":4,"5":4,"6":4,"7":4,"8":4,"9":4,"10":4,"11":4,"12":4,"13":4,"14":4,"15":4,"16":4,"17":4},"f":{},"b":{"0":[4,0],"1":[4,0],"2":[4,0],"3":[4,0],"4":[4,0],"5":[4,0],"6":[4,0],"7":[4,0],"8":[4,0],"9":[0,4],"10":[4,0],"11":[4,0],"12":[4,0],"13":[4,0],"14":[4,0],"15":[0,4],"16":[0,4]}}
}
