TN:
SF:src/endUser.ts
FN:5,promptAccessToken
FNF:1
FNH:1
FNDA:4,promptAccessToken
DA:3,4
DA:5,4
DA:7,4
DA:8,4
DA:14,4
DA:15,0
DA:16,0
DA:19,4
DA:20,4
DA:22,4
DA:30,4
DA:32,4
DA:34,4
DA:35,4
DA:36,4
DA:38,4
DA:39,4
DA:40,4
DA:42,4
DA:45,0
DA:46,0
LF:21
LH:17
BRDA:14,0,0,0
BRF:1
BRH:0
end_of_record
TN:
SF:src/index.ts
FN:15,(anonymous_7)
FN:33,(anonymous_8)
FN:42,(anonymous_10)
FNF:3
FNH:3
FNDA:4,(anonymous_7)
FNDA:4,(anonymous_8)
FNDA:1,(anonymous_10)
DA:1,4
DA:2,4
DA:3,4
DA:4,4
DA:5,4
DA:6,4
DA:12,4
DA:14,4
DA:16,4
DA:17,4
DA:18,4
DA:19,4
DA:20,4
DA:21,4
DA:22,4
DA:37,4
DA:38,4
DA:43,1
DA:44,1
LF:19
LH:19
BRF:0
BRH:0
end_of_record
TN:
SF:src/setup.ts
FN:35,(anonymous_13)
FN:83,(anonymous_15)
FN:84,(anonymous_16)
FNF:3
FNH:1
FNDA:23,(anonymous_13)
FNDA:0,(anonymous_15)
FNDA:0,(anonymous_16)
DA:5,4
DA:6,4
DA:8,4
DA:10,4
DA:11,4
DA:12,4
DA:15,4
DA:34,4
DA:41,23
DA:42,23
DA:43,23
DA:44,23
DA:45,23
DA:46,23
DA:48,23
DA:49,0
DA:58,23
DA:69,23
DA:70,23
DA:72,23
DA:74,0
DA:75,0
DA:85,0
DA:91,0
DA:92,0
DA:93,0
DA:94,0
DA:96,0
DA:102,0
DA:103,0
DA:105,0
DA:107,0
DA:108,0
LF:33
LH:19
BRDA:10,0,0,4
BRDA:10,0,1,0
BRDA:11,1,0,4
BRDA:11,1,1,0
BRDA:12,2,0,4
BRDA:12,2,1,0
BRDA:15,3,0,4
BRDA:15,3,1,0
BRDA:42,4,0,0
BRDA:42,4,1,23
BRDA:48,5,0,0
BRDA:48,5,1,23
BRDA:48,6,0,23
BRDA:48,6,1,0
BRDA:60,7,0,0
BRDA:60,7,1,23
BRDA:91,8,0,0
BRDA:91,8,1,0
BRF:18
BRH:8
end_of_record
TN:
SF:src/utils.ts
FN:5,validateParams
FN:81,postRequest
FN:105,sanityCheck
FNF:3
FNH:3
FNDA:23,validateParams
FNDA:23,postRequest
FNDA:23,sanityCheck
DA:2,4
DA:5,4
DA:6,23
DA:11,23
DA:13,4
DA:14,4
DA:15,4
DA:17,1
DA:18,1
DA:19,1
DA:21,1
DA:22,1
DA:23,1
DA:25,1
DA:26,1
DA:27,1
DA:29,0
DA:30,0
DA:31,0
DA:33,1
DA:34,1
DA:35,1
DA:37,1
DA:38,1
DA:39,1
DA:41,1
DA:42,1
DA:44,2
DA:45,2
DA:47,3
DA:48,3
DA:50,6
DA:51,6
DA:53,7
DA:54,7
DA:56,9
DA:57,9
DA:59,11
DA:60,11
DA:62,12
DA:63,12
DA:65,13
DA:66,13
DA:68,14
DA:69,14
DA:71,14
DA:73,23
DA:74,23
DA:81,4
DA:82,23
DA:83,23
DA:84,23
DA:87,23
DA:88,0
DA:89,23
DA:92,23
DA:93,23
DA:98,23
DA:99,23
DA:101,0
DA:105,4
DA:106,23
DA:107,23
DA:108,6
DA:111,23
DA:112,0
LF:66
LH:60
BRDA:11,0,0,4
BRDA:11,0,1,1
BRDA:11,0,2,1
BRDA:11,0,3,1
BRDA:11,0,4,0
BRDA:11,0,5,1
BRDA:11,0,6,1
BRDA:11,0,7,1
BRDA:11,0,8,2
BRDA:11,0,9,3
BRDA:11,0,10,6
BRDA:11,0,11,7
BRDA:11,0,12,9
BRDA:11,0,13,11
BRDA:11,0,14,12
BRDA:11,0,15,13
BRDA:11,0,16,14
BRDA:11,0,17,14
BRDA:87,1,0,0
BRDA:87,2,0,23
BRDA:87,2,1,23
BRDA:92,3,0,23
BRDA:107,4,0,6
BRDA:111,5,0,0
BRF:24
BRH:21
end_of_record
TN:
SF:src/dapis/Bricks.ts
FN:5,(anonymous_7)
FN:10,(anonymous_9)
FN:15,(anonymous_11)
FN:20,(anonymous_13)
FN:25,(anonymous_15)
FN:30,(anonymous_17)
FNF:6
FNH:0
FNDA:0,(anonymous_7)
FNDA:0,(anonymous_9)
FNDA:0,(anonymous_11)
FNDA:0,(anonymous_13)
FNDA:0,(anonymous_15)
FNDA:0,(anonymous_17)
DA:2,4
DA:4,4
DA:6,0
DA:7,0
DA:11,0
DA:12,0
DA:16,0
DA:17,0
DA:21,0
DA:22,0
DA:26,0
DA:27,0
DA:31,0
DA:32,0
LF:14
LH:2
BRF:0
BRH:0
end_of_record
TN:
SF:src/dapis/Impression.ts
FN:5,(anonymous_7)
FN:10,(anonymous_9)
FN:15,(anonymous_11)
FNF:3
FNH:0
FNDA:0,(anonymous_7)
FNDA:0,(anonymous_9)
FNDA:0,(anonymous_11)
DA:2,4
DA:4,4
DA:6,0
DA:7,0
DA:11,0
DA:12,0
DA:16,0
DA:17,0
LF:8
LH:2
BRF:0
BRH:0
end_of_record
TN:
SF:src/dapis/LiNR.ts
FN:5,(anonymous_7)
FN:10,(anonymous_9)
FNF:2
FNH:0
FNDA:0,(anonymous_7)
FNDA:0,(anonymous_9)
DA:2,4
DA:4,4
DA:6,0
DA:7,0
DA:11,0
DA:12,0
LF:6
LH:2
BRF:0
BRH:0
end_of_record
TN:
SF:src/dapis/Peels.ts
FN:5,(anonymous_7)
FN:10,(anonymous_8)
FN:15,(anonymous_10)
FN:20,(anonymous_12)
FN:25,(anonymous_14)
FN:30,(anonymous_16)
FN:35,(anonymous_18)
FN:40,(anonymous_20)
FN:45,(anonymous_22)
FN:50,(anonymous_24)
FNF:10
FNH:9
FNDA:4,(anonymous_7)
FNDA:1,(anonymous_8)
FNDA:1,(anonymous_10)
FNDA:1,(anonymous_12)
FNDA:0,(anonymous_14)
FNDA:1,(anonymous_16)
FNDA:1,(anonymous_18)
FNDA:1,(anonymous_20)
FNDA:1,(anonymous_22)
FNDA:1,(anonymous_24)
DA:2,4
DA:4,4
DA:6,4
DA:11,1
DA:12,1
DA:16,1
DA:17,1
DA:21,1
DA:22,1
DA:26,0
DA:27,0
DA:31,1
DA:32,1
DA:36,1
DA:37,1
DA:41,1
DA:42,1
DA:46,1
DA:47,1
DA:51,1
DA:52,1
LF:21
LH:19
BRF:0
BRH:0
end_of_record
TN:
SF:src/dapis/TTM.ts
FN:5,(anonymous_7)
FN:8,(anonymous_8)
FN:13,(anonymous_10)
FNF:3
FNH:3
FNDA:4,(anonymous_7)
FNDA:1,(anonymous_8)
FNDA:1,(anonymous_10)
DA:2,4
DA:4,4
DA:9,1
DA:10,1
DA:14,1
DA:15,1
LF:6
LH:6
BRF:0
BRH:0
end_of_record
TN:
SF:src/dapis/User.ts
FN:5,(anonymous_7)
FN:10,(anonymous_8)
FN:15,(anonymous_10)
FN:20,(anonymous_12)
FN:25,(anonymous_14)
FNF:5
FNH:5
FNDA:4,(anonymous_7)
FNDA:3,(anonymous_8)
FNDA:1,(anonymous_10)
FNDA:2,(anonymous_12)
FNDA:2,(anonymous_14)
DA:2,4
DA:4,4
DA:11,3
DA:12,3
DA:16,1
DA:17,1
DA:21,2
DA:22,2
DA:26,2
DA:27,2
LF:10
LH:10
BRF:0
BRH:0
end_of_record
TN:
SF:test/algonaut.ts
FNF:0
FNH:0
DA:1,4
DA:2,4
DA:3,4
DA:6,4
DA:7,4
DA:8,4
DA:9,4
DA:10,4
DA:11,4
DA:12,4
DA:13,4
DA:14,4
DA:15,4
DA:16,4
DA:17,4
DA:19,4
DA:27,4
DA:29,4
LF:18
LH:18
BRDA:6,0,0,4
BRDA:6,0,1,0
BRDA:7,1,0,4
BRDA:7,1,1,0
BRDA:8,2,0,4
BRDA:8,2,1,0
BRDA:9,3,0,4
BRDA:9,3,1,0
BRDA:10,4,0,4
BRDA:10,4,1,0
BRDA:11,5,0,4
BRDA:11,5,1,0
BRDA:12,6,0,4
BRDA:12,6,1,0
BRDA:13,7,0,4
BRDA:13,7,1,0
BRDA:14,8,0,4
BRDA:14,8,1,0
BRDA:15,9,0,0
BRDA:15,9,1,4
BRDA:16,10,0,4
BRDA:16,10,1,0
BRDA:17,11,0,4
BRDA:17,11,1,0
BRDA:20,12,0,4
BRDA:20,12,1,0
BRDA:21,13,0,4
BRDA:21,13,1,0
BRDA:22,14,0,4
BRDA:22,14,1,0
BRDA:23,15,0,0
BRDA:23,15,1,4
BRDA:24,16,0,0
BRDA:24,16,1,4
BRF:34
BRH:17
end_of_record
