TN:
SF:src/endUser.ts
FN:5,promptAccessToken
FNF:1
FNH:1
FNDA:1,promptAccessToken
DA:3,1
DA:5,1
DA:7,1
DA:8,1
DA:14,1
DA:15,0
DA:16,0
DA:19,1
DA:20,1
DA:22,1
DA:30,1
DA:32,1
DA:34,1
DA:35,1
DA:36,1
DA:38,1
DA:39,1
DA:40,1
DA:42,1
DA:45,0
DA:46,0
LF:21
LH:17
BRDA:14,0,0,0
BRF:1
BRH:0
end_of_record
TN:
SF:src/index.ts
FN:36,(anonymous_7)
FN:41,(anonymous_8)
FN:50,(anonymous_10)
FN:55,(anonymous_12)
FN:60,(anonymous_14)
FN:65,(anonymous_16)
FN:70,(anonymous_18)
FN:75,(anonymous_20)
FN:80,(anonymous_22)
FN:85,(anonymous_24)
FN:90,(anonymous_26)
FN:96,(anonymous_28)
FN:101,(anonymous_30)
FN:106,(anonymous_32)
FN:111,(anonymous_34)
FN:117,(anonymous_36)
FN:135,postRequest
FN:178,sanityCheck
FN:208,(anonymous_40)
FN:256,(anonymous_42)
FN:257,(anonymous_43)
FNF:21
FNH:17
FNDA:1,(anonymous_7)
FNDA:1,(anonymous_8)
FNDA:1,(anonymous_10)
FNDA:1,(anonymous_12)
FNDA:1,(anonymous_14)
FNDA:0,(anonymous_16)
FNDA:1,(anonymous_18)
FNDA:1,(anonymous_20)
FNDA:1,(anonymous_22)
FNDA:1,(anonymous_24)
FNDA:1,(anonymous_26)
FNDA:1,(anonymous_28)
FNDA:1,(anonymous_30)
FNDA:1,(anonymous_32)
FNDA:1,(anonymous_34)
FNDA:0,(anonymous_36)
FNDA:13,postRequest
FNDA:13,sanityCheck
FNDA:13,(anonymous_40)
FNDA:0,(anonymous_42)
FNDA:0,(anonymous_43)
DA:18,1
DA:20,1
DA:21,1
DA:33,1
DA:35,1
DA:37,1
DA:45,1
DA:46,1
DA:51,1
DA:52,1
DA:56,1
DA:57,1
DA:61,1
DA:62,1
DA:66,0
DA:67,0
DA:71,1
DA:72,1
DA:76,1
DA:77,1
DA:81,1
DA:82,1
DA:86,1
DA:87,1
DA:91,1
DA:92,1
DA:97,1
DA:98,1
DA:102,1
DA:103,1
DA:107,1
DA:108,1
DA:112,1
DA:113,1
DA:118,0
DA:136,13
DA:137,13
DA:138,13
DA:141,13
DA:142,0
DA:143,13
DA:146,13
DA:147,13
DA:152,13
DA:153,13
DA:155,0
DA:163,1
DA:164,1
DA:165,1
DA:170,1
DA:179,13
DA:180,13
DA:181,3
DA:184,13
DA:185,0
DA:207,1
DA:214,13
DA:215,13
DA:216,13
DA:217,13
DA:218,13
DA:219,13
DA:221,13
DA:222,0
DA:231,13
DA:242,13
DA:243,13
DA:245,13
DA:247,0
DA:248,0
DA:258,0
DA:264,0
DA:265,0
DA:266,0
DA:267,0
DA:269,0
DA:275,0
DA:276,0
DA:278,0
DA:280,0
DA:281,0
LF:81
LH:61
BRDA:141,0,0,0
BRDA:141,1,0,13
BRDA:141,1,1,13
BRDA:146,2,0,13
BRDA:180,3,0,3
BRDA:184,4,0,0
BRDA:215,5,0,0
BRDA:215,5,1,13
BRDA:221,6,0,0
BRDA:221,6,1,13
BRDA:221,7,0,13
BRDA:221,7,1,0
BRDA:233,8,0,0
BRDA:233,8,1,13
BRDA:264,9,0,0
BRDA:264,9,1,0
BRF:16
BRH:8
end_of_record
TN:
SF:src/utils.ts
FN:4,validateParams
FNF:1
FNH:1
FNDA:13,validateParams
DA:4,1
DA:5,13
DA:10,13
DA:12,1
DA:13,1
DA:14,1
DA:16,0
DA:17,0
DA:18,0
DA:20,1
DA:21,1
DA:22,1
DA:24,1
DA:25,1
DA:26,1
DA:28,1
DA:29,1
DA:30,1
DA:32,0
DA:33,0
DA:34,0
DA:36,1
DA:37,1
DA:38,1
DA:40,1
DA:41,1
DA:42,1
DA:44,1
DA:45,1
DA:47,2
DA:48,2
DA:50,3
DA:51,3
DA:53,4
DA:54,4
DA:56,5
DA:57,5
DA:59,6
DA:60,6
DA:62,7
DA:63,7
DA:65,7
DA:67,13
DA:68,13
LF:44
LH:38
BRDA:10,0,0,1
BRDA:10,0,1,0
BRDA:10,0,2,1
BRDA:10,0,3,1
BRDA:10,0,4,1
BRDA:10,0,5,0
BRDA:10,0,6,1
BRDA:10,0,7,1
BRDA:10,0,8,1
BRDA:10,0,9,2
BRDA:10,0,10,3
BRDA:10,0,11,4
BRDA:10,0,12,5
BRDA:10,0,13,6
BRDA:10,0,14,7
BRDA:10,0,15,7
BRF:16
BRH:14
end_of_record
TN:
SF:test/algonaut.ts
FNF:0
FNH:0
DA:1,1
DA:4,1
DA:6,1
DA:9,1
DA:10,1
DA:11,1
DA:12,1
DA:13,1
DA:14,1
DA:15,1
DA:16,1
DA:17,1
DA:18,1
DA:21,1
LF:14
LH:14
BRF:0
BRH:0
end_of_record
